2026-06-19 09:00:01.001 INFO  Startup: service "PaymentGateway" v2.4.1 starting
2026-06-19 09:00:01.014 DEBUG Config: loaded 42 keys from appsettings.json
2026-06-19 09:00:01.020 VERBOSE DI: resolved IClock -> SystemClock
2026-06-19 09:00:01.031 TRACE  Net: opening socket 127.0.0.1:5432
2026-06-19 09:00:01.052 INFO  Db: connected to payments (pool=10)
2026-06-19 09:00:02.100 DEBUG Cache: warm-up 1280 entries in 38ms
2026-06-19 09:00:02.140 VERBOSE Auth: token cache miss for tenant=acme
2026-06-19 09:00:03.200 INFO  Http: GET /healthz 200 in 2ms
2026-06-19 09:00:03.880 WARNING RateLimiter: tenant=acme at 92% of quota
2026-06-19 09:00:04.010 TRACE  Serializer: 14 fields -> 312 bytes
2026-06-19 09:00:04.300 DEBUG Retry: attempt 1/3 for charge c_88213
2026-06-19 09:00:04.612 ERROR Charge: gateway declined c_88213 (insufficient_funds)
2026-06-19 09:00:05.001 DEBUG Retry: attempt 2/3 for charge c_88213
2026-06-19 09:00:05.330 VERBOSE Metrics: flushed 88 counters
2026-06-19 09:00:06.245 ERROR Db: query timeout after 30000ms on payments.ledger
2026-06-19 09:00:06.260 DEBUG Pool: evicting stale connection #7
2026-06-19 09:00:07.500 INFO  Http: POST /charge 500 in 31002ms
2026-06-19 09:00:08.100 TRACE  GC: gen2 collection, 41ms pause
2026-06-19 09:00:08.770 CRITICAL Worker: unhandled exception, access violation (0xc0000005) in native module
2026-06-19 09:00:08.771 ERROR Worker: crash detected, dumping state and restarting
2026-06-19 09:00:09.002 DEBUG Supervisor: respawning worker pid=12344
2026-06-19 09:00:09.450 VERBOSE Health: heartbeat ok (uptime=8s)
2026-06-19 09:00:10.000 INFO  Http: GET /healthz 200 in 1ms
2026-06-19 09:00:10.880 WARNING RateLimiter: tenant=acme at 97% of quota
2026-06-19 09:00:11.300 DEBUG Cache: background refresh complete
